<?xml version="1.0" encoding="UTF-8"?>
<!-- Generated by org.testng.reporters.JUnitXMLReporter -->
<testsuite ignored="0" hostname="suryans" failures="0" tests="5" name="Test" time="20.533" errors="0" timestamp="2024-09-11T01:56:15 IST">
  <testcase classname="com.GIC.testcase.login.GIC_Login02Test" name="Verify_That_If_User_Enter_Invalid_Password_We_Should_Get_Proper_Error_Message" time="2.041"/>
  <testcase classname="com.GIC.testcase.registration.GIC_Register01Test" name="Verify_User_Can_Able_To_Register" time="1.968"/>
  <testcase classname="com.GIC.testcase.login.GIC_Login04Test" name="Verify_That_If_User_Is_Not_Entering_Any_Data_In_Username_And_Password_Textfield_And_Click_On_Login__We_Should_Get_Proper_Error_Message" time="0.574"/>
  <testcase classname="com.GIC.testcase.login.GIC_Login03Test" name="Verify_That_If_User_Enter_Invalid_Username_We_Should_Get_Proper_Error_Message" time="2.618"/>
  <testcase classname="com.GIC.testcase.login.GIC_Login01Test" name="Verify_User_can_Able_To_Login_With_Valid_Credentials" time="2.473"/>
</testsuite> <!-- Test -->
